<?xml version="1.0" encoding="UTF-8"?>
<!-- Generated by org.testng.reporters.JUnitReportReporter -->
<testsuite hostname="DESKTOP-78Q74BE" failures="0" tests="1" name="orangehrm.testcases.AdminLoginwithValidInputs" time="0.000" errors="0" timestamp="2023-03-01T10:10:55 IST" skipped="1">
  <testcase classname="orangehrm.testcases.AdminLoginwithValidInputs" name="checkadminlogin" time="0.000">
    <skipped/>
  </testcase> <!-- checkadminlogin -->
  <system-out/>
</testsuite> <!-- orangehrm.testcases.AdminLoginwithValidInputs -->
